[debug] [2026-04-10T03:01:12.470Z] ----------------------------------------------------------------------
[debug] [2026-04-10T03:01:12.486Z] Command:       C:\Program Files\nodejs\node.exe C:\Users\frncs\AppData\Roaming\npm\node_modules\firebase-tools\lib\bin\firebase.js deploy --only hosting
[debug] [2026-04-10T03:01:12.487Z] CLI Version:   15.14.0
[debug] [2026-04-10T03:01:12.487Z] Platform:      win32
[debug] [2026-04-10T03:01:12.487Z] Node Version:  v24.14.1
[debug] [2026-04-10T03:01:12.487Z] Time:          Fri Apr 10 2026 11:01:12 GMT+0800 (Philippine Standard Time)
[debug] [2026-04-10T03:01:12.488Z] ----------------------------------------------------------------------
[debug] 
[debug] [2026-04-10T03:01:18.921Z] > command requires scopes: ["email","openid","https://www.googleapis.com/auth/cloudplatformprojects.readonly","https://www.googleapis.com/auth/firebase","https://www.googleapis.com/auth/cloud-platform"]
[debug] [2026-04-10T03:01:18.922Z] > authorizing via signed-in user (ldevera777@gmail.com)
[debug] [2026-04-10T03:01:18.922Z] [iam] checking project pos-a87c1 for permissions ["firebase.projects.get","firebasehosting.sites.update"]
[debug] [2026-04-10T03:01:18.924Z] Checked if tokens are valid: true, expires at: 1775793104323
[debug] [2026-04-10T03:01:18.924Z] Checked if tokens are valid: true, expires at: 1775793104323
[debug] [2026-04-10T03:01:18.926Z] >>> [apiv2][query] POST https://cloudresourcemanager.googleapis.com/v1/projects/pos-a87c1:testIamPermissions [none]
[debug] [2026-04-10T03:01:18.926Z] >>> [apiv2][(partial)header] POST https://cloudresourcemanager.googleapis.com/v1/projects/pos-a87c1:testIamPermissions  x-goog-user-project=pos-a87c1
[debug] [2026-04-10T03:01:18.926Z] >>> [apiv2][body] POST https://cloudresourcemanager.googleapis.com/v1/projects/pos-a87c1:testIamPermissions {"permissions":["firebase.projects.get","firebasehosting.sites.update"]}
[debug] [2026-04-10T03:01:20.932Z] <<< [apiv2][status] POST https://cloudresourcemanager.googleapis.com/v1/projects/pos-a87c1:testIamPermissions 403
[debug] [2026-04-10T03:01:20.933Z] <<< [apiv2][body] POST https://cloudresourcemanager.googleapis.com/v1/projects/pos-a87c1:testIamPermissions {"error":{"code":403,"message":"Caller does not have required permission to use project pos-a87c1. Grant the caller the roles/serviceusage.serviceUsageConsumer role, or a custom role with the serviceusage.services.use permission, by visiting https://console.developers.google.com/iam-admin/iam?project=pos-a87c1 and then retry. Propagation of the new permission may take a few minutes.","status":"PERMISSION_DENIED","details":[{"@type":"type.googleapis.com/google.rpc.ErrorInfo","reason":"USER_PROJECT_DENIED","domain":"googleapis.com","metadata":{"consumer":"projects/pos-a87c1","consoleUrl":"https://console.developers.google.com/iam-admin/iam?project=pos-a87c1","containerInfo":"pos-a87c1","service":"cloudresourcemanager.googleapis.com"}},{"@type":"type.googleapis.com/google.rpc.LocalizedMessage","locale":"en-US","message":"Caller does not have required permission to use project pos-a87c1. Grant the caller the roles/serviceusage.serviceUsageConsumer role, or a custom role with the serviceusage.services.use permission, by visiting https://console.developers.google.com/iam-admin/iam?project=pos-a87c1 and then retry. Propagation of the new permission may take a few minutes."},{"@type":"type.googleapis.com/google.rpc.Help","links":[{"description":"Google developer console IAM admin","url":"https://console.developers.google.com/iam-admin/iam?project=pos-a87c1"}]}]}}
[debug] [2026-04-10T03:01:20.933Z] [iam] error while checking permissions, command may fail: Request to https://cloudresourcemanager.googleapis.com/v1/projects/pos-a87c1:testIamPermissions had HTTP Error: 403, Caller does not have required permission to use project pos-a87c1. Grant the caller the roles/serviceusage.serviceUsageConsumer role, or a custom role with the serviceusage.services.use permission, by visiting https://console.developers.google.com/iam-admin/iam?project=pos-a87c1 and then retry. Propagation of the new permission may take a few minutes.
[debug] [2026-04-10T03:01:20.934Z] Checked if tokens are valid: true, expires at: 1775793104323
[debug] [2026-04-10T03:01:20.934Z] Checked if tokens are valid: true, expires at: 1775793104323
[debug] [2026-04-10T03:01:20.935Z] >>> [apiv2][query] GET https://firebase.googleapis.com/v1beta1/projects/pos-a87c1 [none]
[debug] [2026-04-10T03:01:21.586Z] <<< [apiv2][status] GET https://firebase.googleapis.com/v1beta1/projects/pos-a87c1 403
[debug] [2026-04-10T03:01:21.586Z] <<< [apiv2][body] GET https://firebase.googleapis.com/v1beta1/projects/pos-a87c1 {"error":{"code":403,"message":"The caller does not have permission","status":"PERMISSION_DENIED"}}
[debug] [2026-04-10T03:01:21.587Z] Request to https://firebase.googleapis.com/v1beta1/projects/pos-a87c1 had HTTP Error: 403, The caller does not have permission
[debug] [2026-04-10T03:01:21.784Z] FirebaseError: Request to https://firebase.googleapis.com/v1beta1/projects/pos-a87c1 had HTTP Error: 403, The caller does not have permission
    at responseToError (C:\Users\frncs\AppData\Roaming\npm\node_modules\firebase-tools\lib\responseToError.js:53:12)
    at RetryOperation._fn (C:\Users\frncs\AppData\Roaming\npm\node_modules\firebase-tools\lib\apiv2.js:333:77)
    at process.processTicksAndRejections (node:internal/process/task_queues:104:5)
[error] 
[error] Error: Failed to get Firebase project pos-a87c1. Please make sure the project exists and your account has permission to access it.
